<?xml version="1.0" encoding="UTF-8"?>
<testng-results ignored="0" total="1" passed="1" failed="0" skipped="0">
  <reporter-output>
  </reporter-output>
  <suite started-at="2023-09-29T02:25:18Z" name="Default suite" finished-at="2023-09-29T02:25:26Z" duration-ms="7706">
    <groups>
    </groups>
    <test started-at="2023-09-29T02:25:18Z" name="Default test" finished-at="2023-09-29T02:25:26Z" duration-ms="7706">
      <class name="executetest.InputFormTest">
        <test-method is-config="true" signature="launchBrowser()[pri:0, instance:executetest.InputFormTest@3d9c13b5]" started-at="2023-09-29T07:55:18Z" name="launchBrowser" finished-at="2023-09-29T07:55:25Z" duration-ms="6796" status="PASS">
          <reporter-output>
          </reporter-output>
        </test-method> <!-- launchBrowser -->
        <test-method signature="verifyShowMessageDisplayed()[pri:0, instance:executetest.InputFormTest@3d9c13b5]" started-at="2023-09-29T07:55:25Z" name="verifyShowMessageDisplayed" finished-at="2023-09-29T07:55:26Z" duration-ms="887" status="PASS">
          <reporter-output>
          </reporter-output>
        </test-method> <!-- verifyShowMessageDisplayed -->
      </class> <!-- executetest.InputFormTest -->
    </test> <!-- Default test -->
  </suite> <!-- Default suite -->
</testng-results>
